#
# There is insufficient memory for the Java Runtime Environment to continue.
# Native memory allocation (malloc) failed to allocate 2792080 bytes for Chunk::new
# Possible reasons:
#   The system is out of physical RAM or swap space
#   The process is running with CompressedOops enabled, and the Java Heap may be blocking the growth of the native heap
# Possible solutions:
#   Reduce memory load on the system
#   Increase physical memory or swap space
#   Check if swap backing store is full
#   Decrease Java heap size (-Xmx/-Xms)
#   Decrease number of Java threads
#   Decrease Java thread stack sizes (-Xss)
#   Set larger code cache with -XX:ReservedCodeCacheSize=
#   JVM is running with Unscaled Compressed Oops mode in which the Java heap is
#     placed in the first 4GB address space. The Java Heap base address is the
#     maximum limit for the native heap growth. Please use -XX:HeapBaseMinAddress
#     to set the Java Heap base and to place the Java Heap above 4GB virtual address.
# This output file may be truncated or incomplete.
#
#  Out of Memory Error (arena.cpp:189), pid=25476, tid=22408
#
# JRE version: OpenJDK Runtime Environment Zulu17.44+15-CA (17.0.8+7) (build 17.0.8+7-LTS)
# Java VM: OpenJDK 64-Bit Server VM Zulu17.44+15-CA (17.0.8+7-LTS, mixed mode, sharing, tiered, compressed oops, compressed class ptrs, g1 gc, windows-amd64)
# No core dump will be written. Minidumps are not enabled by default on client versions of Windows
#

---------------  S U M M A R Y ------------

Command Line: -javaagent:E:\Program Files\IntelliJ IDEA Community Edition 2023.2\lib\idea_rt.jar=57288:E:\Program Files\IntelliJ IDEA Community Edition 2023.2\bin -Dfile.encoding=UTF-8 com.colegiado.sistemacolegiado.SistemaColegiadoApplication

Host: Intel(R) Core(TM) i7-8550U CPU @ 1.80GHz, 8 cores, 7G,  Windows 10 , 64 bit Build 19041 (10.0.19041.3636)
Time: Sat Dec  2 17:31:46 2023 Hora oficial do Brasil elapsed time: 11.049857 seconds (0d 0h 0m 11s)

---------------  T H R E A D  ---------------

Current thread (0x000001647985e530):  JavaThread "C2 CompilerThread0" daemon [_thread_in_native, id=22408, stack(0x0000003f5a400000,0x0000003f5a500000)]


Current CompileTask:
C2:  11049 6275       4       org.antlr.v4.runtime.atn.ParserATNSimulator::closure_ (311 bytes)

Stack: [0x0000003f5a400000,0x0000003f5a500000]
Native frames: (J=compiled Java code, j=interpreted, Vv=VM code, C=native code)
V  [jvm.dll+0x67e01a]
V  [jvm.dll+0x83be54]
V  [jvm.dll+0x83d5fe]
V  [jvm.dll+0x83dc63]
V  [jvm.dll+0x24b18f]
V  [jvm.dll+0xac3ac]
V  [jvm.dll+0xac97c]
V  [jvm.dll+0x36a1a7]
V  [jvm.dll+0x1bd698]
V  [jvm.dll+0x21a299]
V  [jvm.dll+0x219561]
V  [jvm.dll+0x1a576d]
V  [jvm.dll+0x229259]
V  [jvm.dll+0x22729c]
V  [jvm.dll+0x7f1b4c]
V  [jvm.dll+0x7ebf6a]
V  [jvm.dll+0x67ce65]
C  [ucrtbase.dll+0x21bb2]
C  [KERNEL32.DLL+0x17344]
C  [ntdll.dll+0x526b1]


---------------  P R O C E S S  ---------------

Threads class SMR info:
_java_thread_list=0x0000016452588b40, length=22, elements={
0x000001646a9d75f0, 0x0000016479844b00, 0x0000016479845980, 0x0000016479854fe0,
0x0000016479856bb0, 0x0000016479859980, 0x000001647985d840, 0x000001647985e530,
0x0000016479868000, 0x000001647987d210, 0x0000016479831020, 0x000001647e240820,
0x000001647e240d00, 0x000001647e6a2340, 0x000001647e7da440, 0x000001647e7a2120,
0x000001645083afa0, 0x000001645083b4b0, 0x000001645083ce00, 0x000001645083c3e0,
0x000001645083b9c0, 0x000001645083d310
}

Java Threads: ( => current thread )
  0x000001646a9d75f0 JavaThread "main" [_thread_blocked, id=16652, stack(0x0000003f59700000,0x0000003f59800000)]
  0x0000016479844b00 JavaThread "Reference Handler" daemon [_thread_blocked, id=27416, stack(0x0000003f59e00000,0x0000003f59f00000)]
  0x0000016479845980 JavaThread "Finalizer" daemon [_thread_blocked, id=20920, stack(0x0000003f59f00000,0x0000003f5a000000)]
  0x0000016479854fe0 JavaThread "Signal Dispatcher" daemon [_thread_blocked, id=6600, stack(0x0000003f5a000000,0x0000003f5a100000)]
  0x0000016479856bb0 JavaThread "Attach Listener" daemon [_thread_blocked, id=20580, stack(0x0000003f5a100000,0x0000003f5a200000)]
  0x0000016479859980 JavaThread "Service Thread" daemon [_thread_blocked, id=20768, stack(0x0000003f5a200000,0x0000003f5a300000)]
  0x000001647985d840 JavaThread "Monitor Deflation Thread" daemon [_thread_blocked, id=17088, stack(0x0000003f5a300000,0x0000003f5a400000)]
=>0x000001647985e530 JavaThread "C2 CompilerThread0" daemon [_thread_in_native, id=22408, stack(0x0000003f5a400000,0x0000003f5a500000)]
  0x0000016479868000 JavaThread "C1 CompilerThread0" daemon [_thread_blocked, id=17828, stack(0x0000003f5a500000,0x0000003f5a600000)]
  0x000001647987d210 JavaThread "Sweeper thread" daemon [_thread_blocked, id=21092, stack(0x0000003f5a600000,0x0000003f5a700000)]
  0x0000016479831020 JavaThread "Common-Cleaner" daemon [_thread_blocked, id=10044, stack(0x0000003f5a700000,0x0000003f5a800000)]
  0x000001647e240820 JavaThread "Monitor Ctrl-Break" daemon [_thread_in_native, id=24180, stack(0x0000003f5a800000,0x0000003f5a900000)]
  0x000001647e240d00 JavaThread "Notification Thread" daemon [_thread_blocked, id=8028, stack(0x0000003f5a900000,0x0000003f5aa00000)]
  0x000001647e6a2340 JavaThread "C2 CompilerThread1" daemon [_thread_in_native, id=20152, stack(0x0000003f5ab00000,0x0000003f5ac00000)]
  0x000001647e7da440 JavaThread "Thread-0" [_thread_blocked, id=6128, stack(0x0000003f5ac00000,0x0000003f5ad00000)]
  0x000001647e7a2120 JavaThread "restartedMain" [_thread_in_vm, id=7352, stack(0x0000003f5ad00000,0x0000003f5ae00000)]
  0x000001645083afa0 JavaThread "Catalina-utility-1" [_thread_blocked, id=21188, stack(0x0000003f5b700000,0x0000003f5b800000)]
  0x000001645083b4b0 JavaThread "Catalina-utility-2" [_thread_blocked, id=20012, stack(0x0000003f5b800000,0x0000003f5b900000)]
  0x000001645083ce00 JavaThread "container-0" [_thread_blocked, id=16744, stack(0x0000003f5b900000,0x0000003f5ba00000)]
  0x000001645083c3e0 JavaThread "PostgreSQL-JDBC-Cleaner" daemon [_thread_blocked, id=18812, stack(0x0000003f5bb00000,0x0000003f5bc00000)]
  0x000001645083b9c0 JavaThread "HikariPool-1 housekeeper" daemon [_thread_blocked, id=20352, stack(0x0000003f5bc00000,0x0000003f5bd00000)]
  0x000001645083d310 JavaThread "HikariPool-1 connection adder" daemon [_thread_blocked, id=15192, stack(0x0000003f5bd00000,0x0000003f5be00000)]

Other Threads:
  0x000001647983fef0 VMThread "VM Thread" [stack: 0x0000003f59d00000,0x0000003f59e00000] [id=1912]
  0x000001647e458bb0 WatcherThread [stack: 0x0000003f5aa00000,0x0000003f5ab00000] [id=16056]
  0x000001646aa337d0 GCTaskThread "GC Thread#0" [stack: 0x0000003f59800000,0x0000003f59900000] [id=21868]
  0x000001647edf1790 GCTaskThread "GC Thread#1" [stack: 0x0000003f5ae00000,0x0000003f5af00000] [id=13124]
  0x000001647edf1a50 GCTaskThread "GC Thread#2" [stack: 0x0000003f5af00000,0x0000003f5b000000] [id=13296]
  0x000001647ea76880 GCTaskThread "GC Thread#3" [stack: 0x0000003f5b000000,0x0000003f5b100000] [id=3548]
  0x000001647ea76b40 GCTaskThread "GC Thread#4" [stack: 0x0000003f5b100000,0x0000003f5b200000] [id=13668]
  0x000001647edcfa00 GCTaskThread "GC Thread#5" [stack: 0x0000003f5b200000,0x0000003f5b300000] [id=28160]
  0x000001647f1c1f70 GCTaskThread "GC Thread#6" [stack: 0x0000003f5b400000,0x0000003f5b500000] [id=20060]
  0x000001647f29c3a0 GCTaskThread "GC Thread#7" [stack: 0x0000003f5b500000,0x0000003f5b600000] [id=22104]
  0x000001646aa44320 ConcurrentGCThread "G1 Main Marker" [stack: 0x0000003f59900000,0x0000003f59a00000] [id=25828]
  0x000001646aa454e0 ConcurrentGCThread "G1 Conc#0" [stack: 0x0000003f59a00000,0x0000003f59b00000] [id=24792]
  0x000001647f78a1a0 ConcurrentGCThread "G1 Conc#1" [stack: 0x0000003f5b300000,0x0000003f5b400000] [id=12280]
  0x000001646aa8e510 ConcurrentGCThread "G1 Refine#0" [stack: 0x0000003f59b00000,0x0000003f59c00000] [id=21700]
  0x00000164796f7f20 ConcurrentGCThread "G1 Service" [stack: 0x0000003f59c00000,0x0000003f59d00000] [id=24784]

Threads with active compile tasks:
C2 CompilerThread0    11102 6275       4       org.antlr.v4.runtime.atn.ParserATNSimulator::closure_ (311 bytes)
C2 CompilerThread1    11102 6277       4       org.antlr.v4.runtime.atn.ParserATNSimulator::closureCheckingStopState (244 bytes)

VM state: not at safepoint (normal execution)

VM Mutex/Monitor currently owned by a thread: None

Heap address: 0x0000000082000000, size: 2016 MB, Compressed Oops mode: 32-bit

CDS archive(s) mapped at: [0x000001640f000000-0x000001640fc00000-0x000001640fc00000), size 12582912, SharedBaseAddress: 0x000001640f000000, ArchiveRelocationMode: 1.
Compressed class space mapped at: 0x0000016410000000-0x0000016450000000, reserved size: 1073741824
Narrow klass base: 0x000001640f000000, Narrow klass shift: 0, Narrow klass range: 0x100000000

GC Precious Log:
 CPUs: 8 total, 8 available
 Memory: 8056M
 Large Page Support: Disabled
 NUMA Support: Disabled
 Compressed Oops: Enabled (32-bit)
 Heap Region Size: 1M
 Heap Min Capacity: 8M
 Heap Initial Capacity: 126M
 Heap Max Capacity: 2016M
 Pre-touch: Disabled
 Parallel Workers: 8
 Concurrent Workers: 2
 Concurrent Refinement Workers: 8
 Periodic GC: Disabled

Heap:
 garbage-first heap   total 65536K, used 42705K [0x0000000082000000, 0x0000000100000000)
  region size 1024K, 13 young (13312K), 3 survivors (3072K)
 Metaspace       used 68763K, committed 69312K, reserved 1114112K
  class space    used 9664K, committed 9920K, reserved 1048576K

Heap Regions: E=young(eden), S=young(survivor), O=old, HS=humongous(starts), HC=humongous(continues), CS=collection set, F=free, OA=open archive, CA=closed archive, TAMS=top-at-mark-start (previous, next)
|   0|0x0000000082000000, 0x0000000082100000, 0x0000000082100000|100%|HS|  |TAMS 0x0000000082100000, 0x0000000082000000| Complete 
|   1|0x0000000082100000, 0x0000000082200000, 0x0000000082200000|100%| O|  |TAMS 0x0000000082200000, 0x0000000082100000| Untracked 
|   2|0x0000000082200000, 0x0000000082300000, 0x0000000082300000|100%| O|  |TAMS 0x0000000082300000, 0x0000000082200000| Untracked 
|   3|0x0000000082300000, 0x0000000082400000, 0x0000000082400000|100%| O|  |TAMS 0x0000000082400000, 0x0000000082300000| Untracked 
|   4|0x0000000082400000, 0x0000000082500000, 0x0000000082500000|100%| O|  |TAMS 0x0000000082500000, 0x0000000082400000| Untracked 
|   5|0x0000000082500000, 0x0000000082600000, 0x0000000082600000|100%| O|  |TAMS 0x0000000082600000, 0x0000000082500000| Untracked 
|   6|0x0000000082600000, 0x0000000082700000, 0x0000000082700000|100%| O|  |TAMS 0x0000000082700000, 0x0000000082600000| Untracked 
|   7|0x0000000082700000, 0x0000000082800000, 0x0000000082800000|100%| O|  |TAMS 0x0000000082800000, 0x0000000082700000| Untracked 
|   8|0x0000000082800000, 0x0000000082900000, 0x0000000082900000|100%| O|  |TAMS 0x0000000082900000, 0x0000000082800000| Untracked 
|   9|0x0000000082900000, 0x0000000082a00000, 0x0000000082a00000|100%| O|  |TAMS 0x0000000082a00000, 0x0000000082900000| Untracked 
|  10|0x0000000082a00000, 0x0000000082b00000, 0x0000000082b00000|100%| O|  |TAMS 0x0000000082b00000, 0x0000000082a00000| Untracked 
|  11|0x0000000082b00000, 0x0000000082c00000, 0x0000000082c00000|100%| O|  |TAMS 0x0000000082c00000, 0x0000000082b00000| Untracked 
|  12|0x0000000082c00000, 0x0000000082d00000, 0x0000000082d00000|100%| O|  |TAMS 0x0000000082d00000, 0x0000000082c00000| Untracked 
|  13|0x0000000082d00000, 0x0000000082e00000, 0x0000000082e00000|100%| O|  |TAMS 0x0000000082e00000, 0x0000000082d00000| Untracked 
|  14|0x0000000082e00000, 0x0000000082f00000, 0x0000000082f00000|100%| O|  |TAMS 0x0000000082f00000, 0x0000000082e00000| Untracked 
|  15|0x0000000082f00000, 0x0000000083000000, 0x0000000083000000|100%| O|  |TAMS 0x0000000083000000, 0x0000000082f00000| Untracked 
|  16|0x0000000083000000, 0x0000000083100000, 0x0000000083100000|100%| O|  |TAMS 0x0000000083100000, 0x0000000083000000| Untracked 
|  17|0x0000000083100000, 0x0000000083200000, 0x0000000083200000|100%| O|  |TAMS 0x0000000083200000, 0x0000000083100000| Untracked 
|  18|0x0000000083200000, 0x0000000083300000, 0x0000000083300000|100%| O|  |TAMS 0x0000000083300000, 0x0000000083200000| Untracked 
|  19|0x0000000083300000, 0x0000000083400000, 0x0000000083400000|100%| O|  |TAMS 0x0000000083400000, 0x0000000083300000| Untracked 
|  20|0x0000000083400000, 0x0000000083500000, 0x0000000083500000|100%| O|  |TAMS 0x0000000083500000, 0x0000000083400000| Untracked 
|  21|0x0000000083500000, 0x0000000083600000, 0x0000000083600000|100%| O|  |TAMS 0x0000000083600000, 0x0000000083500000| Untracked 
|  22|0x0000000083600000, 0x0000000083700000, 0x0000000083700000|100%| O|  |TAMS 0x0000000083700000, 0x0000000083600000| Untracked 
|  23|0x0000000083700000, 0x0000000083800000, 0x0000000083800000|100%| O|  |TAMS 0x0000000083800000, 0x0000000083700000| Untracked 
|  24|0x0000000083800000, 0x0000000083900000, 0x0000000083900000|100%| O|  |TAMS 0x0000000083900000, 0x0000000083800000| Untracked 
|  25|0x0000000083900000, 0x0000000083a00000, 0x0000000083a00000|100%| O|  |TAMS 0x0000000083a00000, 0x0000000083900000| Untracked 
|  26|0x0000000083a00000, 0x0000000083b00000, 0x0000000083b00000|100%| O|  |TAMS 0x0000000083b00000, 0x0000000083a00000| Untracked 
|  27|0x0000000083b00000, 0x0000000083c00000, 0x0000000083c00000|100%| O|  |TAMS 0x0000000083c00000, 0x0000000083b00000| Untracked 
|  28|0x0000000083c00000, 0x0000000083d00000, 0x0000000083d00000|100%| O|  |TAMS 0x0000000083c82600, 0x0000000083c00000| Untracked 
|  29|0x0000000083d00000, 0x0000000083e00000, 0x0000000083e00000|100%| O|  |TAMS 0x0000000083d00000, 0x0000000083d00000| Untracked 
|  30|0x0000000083e00000, 0x0000000083e5aa00, 0x0000000083f00000| 35%| O|  |TAMS 0x0000000083e00000, 0x0000000083e00000| Untracked 
|  31|0x0000000083f00000, 0x0000000083f00000, 0x0000000084000000|  0%| F|  |TAMS 0x0000000083f00000, 0x0000000083f00000| Untracked 
|  32|0x0000000084000000, 0x0000000084000000, 0x0000000084100000|  0%| F|  |TAMS 0x0000000084000000, 0x0000000084000000| Untracked 
|  33|0x0000000084100000, 0x0000000084100000, 0x0000000084200000|  0%| F|  |TAMS 0x0000000084100000, 0x0000000084100000| Untracked 
|  34|0x0000000084200000, 0x0000000084200000, 0x0000000084300000|  0%| F|  |TAMS 0x0000000084200000, 0x0000000084200000| Untracked 
|  35|0x0000000084300000, 0x0000000084300000, 0x0000000084400000|  0%| F|  |TAMS 0x0000000084300000, 0x0000000084300000| Untracked 
|  36|0x0000000084400000, 0x0000000084400000, 0x0000000084500000|  0%| F|  |TAMS 0x0000000084400000, 0x0000000084400000| Untracked 
|  37|0x0000000084500000, 0x0000000084500000, 0x0000000084600000|  0%| F|  |TAMS 0x0000000084500000, 0x0000000084500000| Untracked 
|  38|0x0000000084600000, 0x0000000084600000, 0x0000000084700000|  0%| F|  |TAMS 0x0000000084600000, 0x0000000084600000| Untracked 
|  39|0x0000000084700000, 0x0000000084700000, 0x0000000084800000|  0%| F|  |TAMS 0x0000000084700000, 0x0000000084700000| Untracked 
|  40|0x0000000084800000, 0x0000000084800000, 0x0000000084900000|  0%| F|  |TAMS 0x0000000084800000, 0x0000000084800000| Untracked 
|  41|0x0000000084900000, 0x0000000084959a28, 0x0000000084a00000| 35%| S|CS|TAMS 0x0000000084900000, 0x0000000084900000| Complete 
|  42|0x0000000084a00000, 0x0000000084b00000, 0x0000000084b00000|100%| S|CS|TAMS 0x0000000084a00000, 0x0000000084a00000| Complete 
|  43|0x0000000084b00000, 0x0000000084c00000, 0x0000000084c00000|100%| S|CS|TAMS 0x0000000084b00000, 0x0000000084b00000| Complete 
|  44|0x0000000084c00000, 0x0000000084c00000, 0x0000000084d00000|  0%| F|  |TAMS 0x0000000084c00000, 0x0000000084c00000| Untracked 
|  45|0x0000000084d00000, 0x0000000084d00000, 0x0000000084e00000|  0%| F|  |TAMS 0x0000000084d00000, 0x0000000084d00000| Untracked 
|  46|0x0000000084e00000, 0x0000000084e00000, 0x0000000084f00000|  0%| F|  |TAMS 0x0000000084e00000, 0x0000000084e00000| Untracked 
|  47|0x0000000084f00000, 0x0000000084f00000, 0x0000000085000000|  0%| F|  |TAMS 0x0000000084f00000, 0x0000000084f00000| Untracked 
|  48|0x0000000085000000, 0x0000000085000000, 0x0000000085100000|  0%| F|  |TAMS 0x0000000085000000, 0x0000000085000000| Untracked 
|  49|0x0000000085100000, 0x0000000085100000, 0x0000000085200000|  0%| F|  |TAMS 0x0000000085100000, 0x0000000085100000| Untracked 
|  50|0x0000000085200000, 0x0000000085200000, 0x0000000085300000|  0%| F|  |TAMS 0x0000000085200000, 0x0000000085200000| Untracked 
|  51|0x0000000085300000, 0x0000000085300000, 0x0000000085400000|  0%| F|  |TAMS 0x0000000085300000, 0x0000000085300000| Untracked 
|  52|0x0000000085400000, 0x0000000085400000, 0x0000000085500000|  0%| F|  |TAMS 0x0000000085400000, 0x0000000085400000| Untracked 
|  53|0x0000000085500000, 0x0000000085500000, 0x0000000085600000|  0%| F|  |TAMS 0x0000000085500000, 0x0000000085500000| Untracked 
|  54|0x0000000085600000, 0x0000000085700000, 0x0000000085700000|100%| E|  |TAMS 0x0000000085600000, 0x0000000085600000| Complete 
|  55|0x0000000085700000, 0x0000000085800000, 0x0000000085800000|100%| E|CS|TAMS 0x0000000085700000, 0x0000000085700000| Complete 
|  65|0x0000000086100000, 0x0000000086200000, 0x0000000086200000|100%| E|CS|TAMS 0x0000000086100000, 0x0000000086100000| Complete 
|  66|0x0000000086200000, 0x0000000086300000, 0x0000000086300000|100%| E|CS|TAMS 0x0000000086200000, 0x0000000086200000| Complete 
|  67|0x0000000086300000, 0x0000000086400000, 0x0000000086400000|100%| E|CS|TAMS 0x0000000086300000, 0x0000000086300000| Complete 
|  68|0x0000000086400000, 0x0000000086500000, 0x0000000086500000|100%| E|CS|TAMS 0x0000000086400000, 0x0000000086400000| Complete 
|  69|0x0000000086500000, 0x0000000086600000, 0x0000000086600000|100%| E|CS|TAMS 0x0000000086500000, 0x0000000086500000| Complete 
|  70|0x0000000086600000, 0x0000000086700000, 0x0000000086700000|100%| E|CS|TAMS 0x0000000086600000, 0x0000000086600000| Complete 
|  71|0x0000000086700000, 0x0000000086800000, 0x0000000086800000|100%| E|CS|TAMS 0x0000000086700000, 0x0000000086700000| Complete 
| 125|0x0000000089d00000, 0x0000000089e00000, 0x0000000089e00000|100%| E|CS|TAMS 0x0000000089d00000, 0x0000000089d00000| Complete 

Card table byte_map: [0x0000016472c80000,0x0000016473070000] _byte_map_base: 0x0000016472870000

Marking Bits (Prev, Next): (CMBitMap*) 0x000001646aa33df0, (CMBitMap*) 0x000001646aa33e30
 Prev Bits: [0x0000016473460000, 0x00000164753e0000)
 Next Bits: [0x00000164753e0000, 0x0000016477360000)

Polling page: 0x0000016468990000

Metaspace:

Usage:
  Non-class:     57.74 MB used.
      Class:      9.44 MB used.
       Both:     67.18 MB used.

Virtual space:
  Non-class space:       64.00 MB reserved,      58.06 MB ( 91%) committed,  1 nodes.
      Class space:        1.00 GB reserved,       9.69 MB ( <1%) committed,  1 nodes.
             Both:        1.06 GB reserved,      67.75 MB (  6%) committed. 

Chunk freelists:
   Non-Class:  5.53 MB
       Class:  6.22 MB
        Both:  11.75 MB

MaxMetaspaceSize: unlimited
CompressedClassSpaceSize: 1.00 GB
Initial GC threshold: 21.00 MB
Current GC threshold: 108.25 MB
CDS: on
MetaspaceReclaimPolicy: balanced
 - commit_granule_bytes: 65536.
 - commit_granule_words: 8192.
 - virtual_space_node_default_size: 8388608.
 - enlarge_chunks_in_place: 1.
 - new_chunks_are_fully_committed: 0.
 - uncommit_free_chunks: 1.
 - use_allocation_guard: 0.
 - handle_deallocations: 1.


Internal statistics:

num_allocs_failed_limit: 9.
num_arena_births: 836.
num_arena_deaths: 2.
num_vsnodes_births: 2.
num_vsnodes_deaths: 0.
num_space_committed: 1084.
num_space_uncommitted: 0.
num_chunks_returned_to_freelist: 12.
num_chunks_taken_from_freelist: 3401.
num_chunk_merges: 9.
num_chunk_splits: 2452.
num_chunks_enlarged: 1911.
num_inconsistent_stats: 0.

CodeHeap 'non-profiled nmethods': size=120000Kb used=3874Kb max_used=3874Kb free=116125Kb
 bounds [0x0000016407ad0000, 0x0000016407ea0000, 0x000001640f000000]
CodeHeap 'profiled nmethods': size=120000Kb used=11333Kb max_used=11333Kb free=108666Kb
 bounds [0x0000016400000000, 0x0000016400b20000, 0x0000016407530000]
CodeHeap 'non-nmethods': size=5760Kb used=1330Kb max_used=1491Kb free=4429Kb
 bounds [0x0000016407530000, 0x00000164077a0000, 0x0000016407ad0000]
 total_blobs=6762 nmethods=6104 adapters=569
 compilation: enabled
              stopped_count=0, restarted_count=0
 full_count=0

Compilation events (20 events):
Event: 11.033 Thread 0x0000016479868000 6931       1       sun.reflect.generics.tree.MethodTypeSignature::getParameterTypes (5 bytes)
Event: 11.033 Thread 0x0000016479868000 nmethod 6931 0x0000016407e98390 code [0x0000016407e98520, 0x0000016407e985f8]
Event: 11.035 Thread 0x0000016479868000 6932       2       org.springframework.web.context.support.ServletContextAwareProcessor::postProcessAfterInitialization (2 bytes)
Event: 11.035 Thread 0x0000016479868000 nmethod 6932 0x0000016400afb810 code [0x0000016400afb9a0, 0x0000016400afbab8]
Event: 11.035 Thread 0x0000016479868000 6933       2       org.springframework.context.support.ApplicationListenerDetector::postProcessAfterInitialization (109 bytes)
Event: 11.036 Thread 0x0000016479868000 nmethod 6933 0x0000016400afbb90 code [0x0000016400afbdc0, 0x0000016400afc408]
Event: 11.038 Thread 0x0000016479868000 6934       2       org.springframework.beans.propertyeditors.ClassEditor::<init> (20 bytes)
Event: 11.038 Thread 0x0000016479868000 nmethod 6934 0x0000016400afc810 code [0x0000016400afc9c0, 0x0000016400afcba8]
Event: 11.038 Thread 0x0000016479868000 6935       2       org.springframework.beans.propertyeditors.ClassArrayEditor::<init> (20 bytes)
Event: 11.038 Thread 0x0000016479868000 nmethod 6935 0x0000016400afcc90 code [0x0000016400afce40, 0x0000016400afd028]
Event: 11.039 Thread 0x0000016479868000 6936       2       org.springframework.beans.PropertyEditorRegistrySupport::useConfigValueEditors (6 bytes)
Event: 11.039 Thread 0x0000016479868000 nmethod 6936 0x0000016400afd110 code [0x0000016400afd2a0, 0x0000016400afd3b8]
Event: 11.039 Thread 0x0000016479868000 6937       2       org.springframework.beans.support.ResourceEditorRegistrar::registerCustomEditors (227 bytes)
Event: 11.043 Thread 0x0000016479868000 nmethod 6937 0x0000016400afd490 code [0x0000016400afd980, 0x0000016400b00498]
Event: 11.043 Thread 0x0000016479868000 6938       2       org.springframework.beans.propertyeditors.InputStreamEditor::<init> (16 bytes)
Event: 11.044 Thread 0x0000016479868000 nmethod 6938 0x0000016400b01210 code [0x0000016400b013c0, 0x0000016400b01648]
Event: 11.044 Thread 0x0000016479868000 6939       2       org.springframework.transaction.interceptor.TransactionAttributeSourcePointcut$TransactionAttributeSourceClassFilter::matches (61 bytes)
Event: 11.045 Thread 0x0000016479868000 nmethod 6939 0x0000016400b01790 code [0x0000016400b01960, 0x0000016400b01bd8]
Event: 11.045 Thread 0x0000016479868000 6940   !   2       org.springframework.beans.factory.support.DefaultSingletonBeanRegistry::addSingleton (65 bytes)
Event: 11.045 Thread 0x0000016479868000 nmethod 6940 0x0000016400b01d90 code [0x0000016400b01f60, 0x0000016400b021f8]

GC Heap History (20 events):
Event: 8.105 GC heap before
{Heap before GC invocations=13 (full 0):
 garbage-first heap   total 51200K, used 40670K [0x0000000082000000, 0x0000000100000000)
  region size 1024K, 20 young (20480K), 3 survivors (3072K)
 Metaspace       used 53692K, committed 54208K, reserved 1114112K
  class space    used 7306K, committed 7552K, reserved 1048576K
}
Event: 8.108 GC heap after
{Heap after GC invocations=14 (full 0):
 garbage-first heap   total 51200K, used 23792K [0x0000000082000000, 0x0000000100000000)
  region size 1024K, 2 young (2048K), 2 survivors (2048K)
 Metaspace       used 53692K, committed 54208K, reserved 1114112K
  class space    used 7306K, committed 7552K, reserved 1048576K
}
Event: 8.633 GC heap before
{Heap before GC invocations=14 (full 0):
 garbage-first heap   total 51200K, used 40176K [0x0000000082000000, 0x0000000100000000)
  region size 1024K, 19 young (19456K), 2 survivors (2048K)
 Metaspace       used 57635K, committed 58176K, reserved 1114112K
  class space    used 7917K, committed 8192K, reserved 1048576K
}
Event: 8.636 GC heap after
{Heap after GC invocations=15 (full 0):
 garbage-first heap   total 51200K, used 25060K [0x0000000082000000, 0x0000000100000000)
  region size 1024K, 3 young (3072K), 3 survivors (3072K)
 Metaspace       used 57635K, committed 58176K, reserved 1114112K
  class space    used 7917K, committed 8192K, reserved 1048576K
}
Event: 9.253 GC heap before
{Heap before GC invocations=15 (full 0):
 garbage-first heap   total 51200K, used 36324K [0x0000000082000000, 0x0000000100000000)
  region size 1024K, 15 young (15360K), 3 survivors (3072K)
 Metaspace       used 59862K, committed 60416K, reserved 1114112K
  class space    used 8192K, committed 8448K, reserved 1048576K
}
Event: 9.257 GC heap after
{Heap after GC invocations=16 (full 0):
 garbage-first heap   total 51200K, used 26235K [0x0000000082000000, 0x0000000100000000)
  region size 1024K, 3 young (3072K), 3 survivors (3072K)
 Metaspace       used 59862K, committed 60416K, reserved 1114112K
  class space    used 8192K, committed 8448K, reserved 1048576K
}
Event: 9.539 GC heap before
{Heap before GC invocations=17 (full 0):
 garbage-first heap   total 51200K, used 41595K [0x0000000082000000, 0x0000000100000000)
  region size 1024K, 18 young (18432K), 3 survivors (3072K)
 Metaspace       used 60945K, committed 61568K, reserved 1114112K
  class space    used 8426K, committed 8704K, reserved 1048576K
}
Event: 9.542 GC heap after
{Heap after GC invocations=18 (full 0):
 garbage-first heap   total 51200K, used 26910K [0x0000000082000000, 0x0000000100000000)
  region size 1024K, 2 young (2048K), 2 survivors (2048K)
 Metaspace       used 60945K, committed 61568K, reserved 1114112K
  class space    used 8426K, committed 8704K, reserved 1048576K
}
Event: 9.736 GC heap before
{Heap before GC invocations=18 (full 0):
 garbage-first heap   total 51200K, used 41246K [0x0000000082000000, 0x0000000100000000)
  region size 1024K, 17 young (17408K), 2 survivors (2048K)
 Metaspace       used 62521K, committed 63040K, reserved 1114112K
  class space    used 8733K, committed 8960K, reserved 1048576K
}
Event: 9.739 GC heap after
{Heap after GC invocations=19 (full 0):
 garbage-first heap   total 51200K, used 27783K [0x0000000082000000, 0x0000000100000000)
  region size 1024K, 2 young (2048K), 2 survivors (2048K)
 Metaspace       used 62521K, committed 63040K, reserved 1114112K
  class space    used 8733K, committed 8960K, reserved 1048576K
}
Event: 9.999 GC heap before
{Heap before GC invocations=20 (full 0):
 garbage-first heap   total 51200K, used 41095K [0x0000000082000000, 0x0000000100000000)
  region size 1024K, 16 young (16384K), 2 survivors (2048K)
 Metaspace       used 64254K, committed 64832K, reserved 1114112K
  class space    used 9076K, committed 9344K, reserved 1048576K
}
Event: 10.001 GC heap after
{Heap after GC invocations=21 (full 0):
 garbage-first heap   total 51200K, used 28918K [0x0000000082000000, 0x0000000100000000)
  region size 1024K, 2 young (2048K), 2 survivors (2048K)
 Metaspace       used 64254K, committed 64832K, reserved 1114112K
  class space    used 9076K, committed 9344K, reserved 1048576K
}
Event: 10.144 GC heap before
{Heap before GC invocations=21 (full 0):
 garbage-first heap   total 51200K, used 42230K [0x0000000082000000, 0x0000000100000000)
  region size 1024K, 15 young (15360K), 2 survivors (2048K)
 Metaspace       used 65562K, committed 66112K, reserved 1114112K
  class space    used 9250K, committed 9536K, reserved 1048576K
}
Event: 10.149 GC heap after
{Heap after GC invocations=22 (full 0):
 garbage-first heap   total 51200K, used 29953K [0x0000000082000000, 0x0000000100000000)
  region size 1024K, 2 young (2048K), 2 survivors (2048K)
 Metaspace       used 65562K, committed 66112K, reserved 1114112K
  class space    used 9250K, committed 9536K, reserved 1048576K
}
Event: 10.233 GC heap before
{Heap before GC invocations=23 (full 0):
 garbage-first heap   total 65536K, used 41217K [0x0000000082000000, 0x0000000100000000)
  region size 1024K, 13 young (13312K), 2 survivors (2048K)
 Metaspace       used 65591K, committed 66176K, reserved 1114112K
  class space    used 9250K, committed 9536K, reserved 1048576K
}
Event: 10.235 GC heap after
{Heap after GC invocations=24 (full 0):
 garbage-first heap   total 65536K, used 31241K [0x0000000082000000, 0x0000000100000000)
  region size 1024K, 2 young (2048K), 2 survivors (2048K)
 Metaspace       used 65591K, committed 66176K, reserved 1114112K
  class space    used 9250K, committed 9536K, reserved 1048576K
}
Event: 10.461 GC heap before
{Heap before GC invocations=24 (full 0):
 garbage-first heap   total 65536K, used 52745K [0x0000000082000000, 0x0000000100000000)
  region size 1024K, 23 young (23552K), 2 survivors (2048K)
 Metaspace       used 65879K, committed 66496K, reserved 1114112K
  class space    used 9271K, committed 9536K, reserved 1048576K
}
Event: 10.464 GC heap after
{Heap after GC invocations=25 (full 0):
 garbage-first heap   total 65536K, used 31837K [0x0000000082000000, 0x0000000100000000)
  region size 1024K, 1 young (1024K), 1 survivors (1024K)
 Metaspace       used 65879K, committed 66496K, reserved 1114112K
  class space    used 9271K, committed 9536K, reserved 1048576K
}
Event: 10.842 GC heap before
{Heap before GC invocations=26 (full 0):
 garbage-first heap   total 65536K, used 52317K [0x0000000082000000, 0x0000000100000000)
  region size 1024K, 21 young (21504K), 1 survivors (1024K)
 Metaspace       used 67724K, committed 68288K, reserved 1114112K
  class space    used 9518K, committed 9792K, reserved 1048576K
}
Event: 10.847 GC heap after
{Heap after GC invocations=27 (full 0):
 garbage-first heap   total 65536K, used 33489K [0x0000000082000000, 0x0000000100000000)
  region size 1024K, 3 young (3072K), 3 survivors (3072K)
 Metaspace       used 67724K, committed 68288K, reserved 1114112K
  class space    used 9518K, committed 9792K, reserved 1048576K
}

Dll operation events (13 events):
Event: 0.014 Loaded shared library C:\Program Files\Java\zulu17.44.15-ca-jdk17.0.8-win_x64\bin\java.dll
Event: 0.047 Loaded shared library C:\Program Files\Java\zulu17.44.15-ca-jdk17.0.8-win_x64\bin\jsvml.dll
Event: 0.207 Loaded shared library C:\Program Files\Java\zulu17.44.15-ca-jdk17.0.8-win_x64\bin\zip.dll
Event: 0.210 Loaded shared library C:\Program Files\Java\zulu17.44.15-ca-jdk17.0.8-win_x64\bin\instrument.dll
Event: 0.218 Loaded shared library C:\Program Files\Java\zulu17.44.15-ca-jdk17.0.8-win_x64\bin\net.dll
Event: 0.220 Loaded shared library C:\Program Files\Java\zulu17.44.15-ca-jdk17.0.8-win_x64\bin\nio.dll
Event: 0.223 Loaded shared library C:\Program Files\Java\zulu17.44.15-ca-jdk17.0.8-win_x64\bin\zip.dll
Event: 0.566 Loaded shared library E:\Program Files\IntelliJ IDEA Community Edition 2023.2\bin\breakgen64.dll
Event: 0.599 Loaded shared library C:\Program Files\Java\zulu17.44.15-ca-jdk17.0.8-win_x64\bin\jimage.dll
Event: 0.866 Loaded shared library C:\Program Files\Java\zulu17.44.15-ca-jdk17.0.8-win_x64\bin\management.dll
Event: 0.868 Loaded shared library C:\Program Files\Java\zulu17.44.15-ca-jdk17.0.8-win_x64\bin\management_ext.dll
Event: 4.246 Loaded shared library C:\Program Files\Java\zulu17.44.15-ca-jdk17.0.8-win_x64\bin\sunmscapi.dll
Event: 5.324 Loaded shared library C:\Program Files\Java\zulu17.44.15-ca-jdk17.0.8-win_x64\bin\verify.dll

Deoptimization events (20 events):
Event: 10.707 Thread 0x000001647e7a2120 DEOPT PACKING pc=0x000001640066c9ce sp=0x0000003f5adf9f60
Event: 10.707 Thread 0x000001647e7a2120 DEOPT UNPACKING pc=0x0000016407587143 sp=0x0000003f5adf9500 mode 0
Event: 10.803 Thread 0x000001647e7a2120 Uncommon trap: trap_request=0xffffff45 fr.pc=0x0000016407b6b854 relative=0x0000000000001074
Event: 10.803 Thread 0x000001647e7a2120 Uncommon trap: reason=unstable_if action=reinterpret pc=0x0000016407b6b854 method=java.util.concurrent.ConcurrentHashMap.transfer([Ljava/util/concurrent/ConcurrentHashMap$Node;[Ljava/util/concurrent/ConcurrentHashMap$Node;)V @ 352 c2
Event: 10.803 Thread 0x000001647e7a2120 DEOPT PACKING pc=0x0000016407b6b854 sp=0x0000003f5adfd630
Event: 10.803 Thread 0x000001647e7a2120 DEOPT UNPACKING pc=0x00000164075869a3 sp=0x0000003f5adfd598 mode 2
Event: 10.831 Thread 0x000001647e7a2120 Uncommon trap: trap_request=0xffffff45 fr.pc=0x0000016407d2d3f8 relative=0x00000000000002f8
Event: 10.831 Thread 0x000001647e7a2120 Uncommon trap: reason=unstable_if action=reinterpret pc=0x0000016407d2d3f8 method=org.springframework.core.annotation.AnnotationsScanner.processClassHierarchy(Ljava/lang/Object;[ILjava/lang/Class;Lorg/springframework/core/annotation/AnnotationsProcessor;Z
Event: 10.831 Thread 0x000001647e7a2120 DEOPT PACKING pc=0x0000016407d2d3f8 sp=0x0000003f5adfd7d0
Event: 10.831 Thread 0x000001647e7a2120 DEOPT UNPACKING pc=0x00000164075869a3 sp=0x0000003f5adfd7f8 mode 2
Event: 10.899 Thread 0x000001647e7a2120 DEOPT PACKING pc=0x00000164002444a3 sp=0x0000003f5adfb7e0
Event: 10.899 Thread 0x000001647e7a2120 DEOPT UNPACKING pc=0x0000016407587143 sp=0x0000003f5adfac50 mode 0
Event: 11.007 Thread 0x000001647e7a2120 Uncommon trap: trap_request=0xffffffde fr.pc=0x0000016407b55a7c relative=0x000000000000013c
Event: 11.007 Thread 0x000001647e7a2120 Uncommon trap: reason=class_check action=maybe_recompile pc=0x0000016407b55a7c method=org.springframework.boot.context.properties.source.ConfigurationPropertyName$Elements.charAt(II)C @ 43 c2
Event: 11.007 Thread 0x000001647e7a2120 DEOPT PACKING pc=0x0000016407b55a7c sp=0x0000003f5adfa120
Event: 11.007 Thread 0x000001647e7a2120 DEOPT UNPACKING pc=0x00000164075869a3 sp=0x0000003f5adfa098 mode 2
Event: 11.007 Thread 0x000001647e7a2120 Uncommon trap: trap_request=0xffffffde fr.pc=0x0000016407b55a7c relative=0x000000000000013c
Event: 11.007 Thread 0x000001647e7a2120 Uncommon trap: reason=class_check action=maybe_recompile pc=0x0000016407b55a7c method=org.springframework.boot.context.properties.source.ConfigurationPropertyName$Elements.charAt(II)C @ 43 c2
Event: 11.007 Thread 0x000001647e7a2120 DEOPT PACKING pc=0x0000016407b55a7c sp=0x0000003f5adfa120
Event: 11.007 Thread 0x000001647e7a2120 DEOPT UNPACKING pc=0x00000164075869a3 sp=0x0000003f5adfa098 mode 2

Classes unloaded (1 events):
Event: 10.186 Thread 0x000001647983fef0 Unloading class 0x0000016410894000 'jdk/internal/reflect/GeneratedSerializationConstructorAccessor23'

Classes redefined (0 events):
No events

Internal exceptions (20 events):
Event: 9.489 Thread 0x000001647e7a2120 Exception <a 'java/lang/reflect/InvocationTargetException'{0x000000008466ea38}> (0x000000008466ea38) 
thrown [s\src\hotspot\share\runtime\reflection.cpp, line 1121]
Event: 9.491 Thread 0x000001647e7a2120 Exception <a 'java/lang/reflect/InvocationTargetException'{0x0000000084679b40}> (0x0000000084679b40) 
thrown [s\src\hotspot\share\runtime\reflection.cpp, line 1121]
Event: 9.866 Thread 0x000001647e7a2120 Exception <a 'java/lang/reflect/InvocationTargetException'{0x0000000086324fe0}> (0x0000000086324fe0) 
thrown [s\src\hotspot\share\runtime\reflection.cpp, line 1121]
Event: 10.046 Thread 0x000001647e7a2120 Exception <a 'java/lang/NoSuchMethodError'{0x00000000864e10c0}: 'int java.lang.invoke.DirectMethodHandle$Holder.invokeStatic(java.lang.Object)'> (0x00000000864e10c0) 
thrown [s\src\hotspot\share\interpreter\linkResolver.cpp, line 759]
Event: 10.108 Thread 0x000001647e7a2120 Exception <a 'java/lang/reflect/InvocationTargetException'{0x00000000861f5a60}> (0x00000000861f5a60) 
thrown [s\src\hotspot\share\runtime\reflection.cpp, line 1121]
Event: 10.128 Thread 0x000001647e7a2120 Exception <a 'java/lang/reflect/InvocationTargetException'{0x00000000847881a8}> (0x00000000847881a8) 
thrown [s\src\hotspot\share\runtime\reflection.cpp, line 1121]
Event: 10.160 Thread 0x000001647e7a2120 Exception <a 'java/lang/reflect/InvocationTargetException'{0x000000008664c1c0}> (0x000000008664c1c0) 
thrown [s\src\hotspot\share\runtime\reflection.cpp, line 1121]
Event: 10.249 Thread 0x000001647e7a2120 Exception <a 'java/lang/reflect/InvocationTargetException'{0x00000000867a6790}> (0x00000000867a6790) 
thrown [s\src\hotspot\share\runtime\reflection.cpp, line 1121]
Event: 10.260 Thread 0x000001647e7a2120 Exception <a 'java/lang/reflect/InvocationTargetException'{0x0000000086632b88}> (0x0000000086632b88) 
thrown [s\src\hotspot\share\runtime\reflection.cpp, line 1121]
Event: 10.270 Thread 0x000001647e7a2120 Exception <a 'java/lang/reflect/InvocationTargetException'{0x0000000086659b88}> (0x0000000086659b88) 
thrown [s\src\hotspot\share\runtime\reflection.cpp, line 1121]
Event: 10.286 Thread 0x000001647e7a2120 Exception <a 'java/lang/reflect/InvocationTargetException'{0x00000000865bf890}> (0x00000000865bf890) 
thrown [s\src\hotspot\share\runtime\reflection.cpp, line 1121]
Event: 10.302 Thread 0x000001647e7a2120 Exception <a 'java/lang/reflect/InvocationTargetException'{0x00000000864d6f20}> (0x00000000864d6f20) 
thrown [s\src\hotspot\share\runtime\reflection.cpp, line 1121]
Event: 10.304 Thread 0x000001647e7a2120 Exception <a 'java/lang/reflect/InvocationTargetException'{0x00000000864e83c0}> (0x00000000864e83c0) 
thrown [s\src\hotspot\share\runtime\reflection.cpp, line 1121]
Event: 10.304 Thread 0x000001647e7a2120 Exception <a 'java/lang/NullPointerException'{0x00000000864eb038}> (0x00000000864eb038) 
thrown [s\src\hotspot\share\interpreter\linkResolver.cpp, line 1350]
Event: 10.353 Thread 0x000001647e7a2120 Exception <a 'java/lang/reflect/InvocationTargetException'{0x0000000085145860}> (0x0000000085145860) 
thrown [s\src\hotspot\share\runtime\reflection.cpp, line 1121]
Event: 10.356 Thread 0x000001647e7a2120 Exception <a 'java/lang/reflect/InvocationTargetException'{0x0000000085150b78}> (0x0000000085150b78) 
thrown [s\src\hotspot\share\runtime\reflection.cpp, line 1121]
Event: 10.358 Thread 0x000001647e7a2120 Exception <a 'java/lang/reflect/InvocationTargetException'{0x000000008515e0b8}> (0x000000008515e0b8) 
thrown [s\src\hotspot\share\runtime\reflection.cpp, line 1121]
Event: 10.533 Thread 0x000001647e7a2120 Exception <a 'java/lang/NoSuchMethodError'{0x000000008620ffc8}: 'java.lang.Object java.lang.invoke.DirectMethodHandle$Holder.invokeInterface(java.lang.Object, java.lang.Object, java.lang.Object, java.lang.Object)'> (0x000000008620ffc8) 
thrown [s\src\hotspot\share\interpreter\linkResolver.cpp, line 759]
Event: 10.723 Thread 0x000001647e7a2120 Exception <a 'java/lang/NoSuchMethodError'{0x00000000851c33e0}: 'void java.lang.invoke.DirectMethodHandle$Holder.invokeVirtual(java.lang.Object, java.lang.Object, long)'> (0x00000000851c33e0) 
thrown [s\src\hotspot\share\interpreter\linkResolver.cpp, line 759]
Event: 10.895 Thread 0x000001647e7a2120 Exception <a 'java/lang/IncompatibleClassChangeError'{0x00000000867d9580}: Found class java.lang.Object, but interface was expected> (0x00000000867d9580) 
thrown [s\src\hotspot\share\interpreter\linkResolver.cpp, line 826]

VM Operations (20 events):
Event: 10.215 Executing VM operation: G1PauseCleanup
Event: 10.217 Executing VM operation: G1PauseCleanup done
Event: 10.233 Executing VM operation: G1CollectForAllocation
Event: 10.235 Executing VM operation: G1CollectForAllocation done
Event: 10.461 Executing VM operation: G1CollectForAllocation
Event: 10.464 Executing VM operation: G1CollectForAllocation done
Event: 10.503 Executing VM operation: G1PauseRemark
Event: 10.507 Executing VM operation: G1PauseRemark done
Event: 10.529 Executing VM operation: G1PauseCleanup
Event: 10.529 Executing VM operation: G1PauseCleanup done
Event: 10.635 Executing VM operation: HandshakeAllThreads
Event: 10.635 Executing VM operation: HandshakeAllThreads done
Event: 10.752 Executing VM operation: HandshakeAllThreads
Event: 10.752 Executing VM operation: HandshakeAllThreads done
Event: 10.842 Executing VM operation: G1CollectForAllocation
Event: 10.847 Executing VM operation: G1CollectForAllocation done
Event: 10.859 Executing VM operation: HandshakeAllThreads
Event: 10.859 Executing VM operation: HandshakeAllThreads done
Event: 10.860 Executing VM operation: HandshakeAllThreads
Event: 10.860 Executing VM operation: HandshakeAllThreads done

Events (20 events):
Event: 9.637 loading class java/util/ArrayList$ListItr
Event: 9.637 loading class java/util/ArrayList$ListItr done
Event: 10.164 loading class java/lang/invoke/MethodHandleImpl$CountingWrapper$1
Event: 10.164 loading class java/lang/invoke/MethodHandleImpl$CountingWrapper$1 done
Event: 10.550 loading class java/time/DurationEditor
Event: 10.550 loading class java/time/DurationEditor done
Event: 10.675 loading class java/util/EnumMap$EntrySet
Event: 10.675 loading class java/util/EnumMap$EntrySet done
Event: 10.675 loading class java/util/EnumMap$EntryIterator
Event: 10.675 loading class java/util/EnumMap$EnumMapIterator
Event: 10.676 loading class java/util/EnumMap$EnumMapIterator done
Event: 10.676 loading class java/util/EnumMap$EntryIterator done
Event: 10.679 loading class java/lang/reflect/MalformedParametersException
Event: 10.679 loading class java/lang/reflect/MalformedParametersException done
Event: 10.762 loading class java/nio/charset/UnsupportedCharsetException
Event: 10.762 loading class java/nio/charset/UnsupportedCharsetException done
Event: 10.838 loading class java/util/Comparators$NullComparator
Event: 10.838 loading class java/util/Comparators$NullComparator done
Event: 10.879 loading class java/util/HashMap$EntrySpliterator
Event: 10.879 loading class java/util/HashMap$EntrySpliterator done


Dynamic libraries:
0x00007ff7d9a00000 - 0x00007ff7d9a0e000 	C:\Program Files\Java\zulu17.44.15-ca-jdk17.0.8-win_x64\bin\java.exe
0x00007ff824d70000 - 0x00007ff824f68000 	C:\Windows\SYSTEM32\ntdll.dll
0x00007ff824790000 - 0x00007ff82484d000 	C:\Windows\System32\KERNEL32.DLL
0x00007ff822550000 - 0x00007ff822846000 	C:\Windows\System32\KERNELBASE.dll
0x00007ff822a80000 - 0x00007ff822b80000 	C:\Windows\System32\ucrtbase.dll
0x00007ff81f610000 - 0x00007ff81f629000 	C:\Program Files\Java\zulu17.44.15-ca-jdk17.0.8-win_x64\bin\jli.dll
0x00007ff81f630000 - 0x00007ff81f64b000 	C:\Program Files\Java\zulu17.44.15-ca-jdk17.0.8-win_x64\bin\VCRUNTIME140.dll
0x00007ff824a40000 - 0x00007ff824bde000 	C:\Windows\System32\USER32.dll
0x00007ff8175c0000 - 0x00007ff81785a000 	C:\Windows\WinSxS\amd64_microsoft.windows.common-controls_6595b64144ccf1df_6.0.19041.3636_none_60b6a03d71f818d5\COMCTL32.dll
0x00007ff822a50000 - 0x00007ff822a72000 	C:\Windows\System32\win32u.dll
0x00007ff824450000 - 0x00007ff8244ee000 	C:\Windows\System32\msvcrt.dll
0x00007ff823130000 - 0x00007ff82315c000 	C:\Windows\System32\GDI32.dll
0x00007ff822cb0000 - 0x00007ff822dca000 	C:\Windows\System32\gdi32full.dll
0x00007ff822c10000 - 0x00007ff822cad000 	C:\Windows\System32\msvcp_win.dll
0x00007ff824be0000 - 0x00007ff824c10000 	C:\Windows\System32\IMM32.DLL
0x00007ff81f600000 - 0x00007ff81f60c000 	C:\Program Files\Java\zulu17.44.15-ca-jdk17.0.8-win_x64\bin\vcruntime140_1.dll
0x00007ff818aa0000 - 0x00007ff818b2d000 	C:\Program Files\Java\zulu17.44.15-ca-jdk17.0.8-win_x64\bin\msvcp140.dll
0x00007fffe3440000 - 0x00007fffe40a8000 	C:\Program Files\Java\zulu17.44.15-ca-jdk17.0.8-win_x64\bin\server\jvm.dll
0x00007ff824990000 - 0x00007ff824a3f000 	C:\Windows\System32\ADVAPI32.dll
0x00007ff8234c0000 - 0x00007ff82355c000 	C:\Windows\System32\sechost.dll
0x00007ff822f10000 - 0x00007ff823036000 	C:\Windows\System32\RPCRT4.dll
0x00007ff8219b0000 - 0x00007ff8219fb000 	C:\Windows\SYSTEM32\POWRPROF.dll
0x00007ff815460000 - 0x00007ff815487000 	C:\Windows\SYSTEM32\WINMM.dll
0x00007ff819460000 - 0x00007ff81946a000 	C:\Windows\SYSTEM32\VERSION.dll
0x00007ff813210000 - 0x00007ff813219000 	C:\Windows\SYSTEM32\WSOCK32.dll
0x00007ff823b90000 - 0x00007ff823bfb000 	C:\Windows\System32\WS2_32.dll
0x00007ff821870000 - 0x00007ff821882000 	C:\Windows\SYSTEM32\UMPDC.dll
0x00007ff820cf0000 - 0x00007ff820d02000 	C:\Windows\SYSTEM32\kernel.appcore.dll
0x00007ff81f5f0000 - 0x00007ff81f5fa000 	C:\Program Files\Java\zulu17.44.15-ca-jdk17.0.8-win_x64\bin\jimage.dll
0x00007ff8209b0000 - 0x00007ff820b94000 	C:\Windows\SYSTEM32\DBGHELP.DLL
0x00007ff81a8f0000 - 0x00007ff81a924000 	C:\Windows\SYSTEM32\dbgcore.DLL
0x00007ff822b80000 - 0x00007ff822c02000 	C:\Windows\System32\bcryptPrimitives.dll
0x00007ff81f5e0000 - 0x00007ff81f5ee000 	C:\Program Files\Java\zulu17.44.15-ca-jdk17.0.8-win_x64\bin\instrument.dll
0x00007ff81bf90000 - 0x00007ff81bfb5000 	C:\Program Files\Java\zulu17.44.15-ca-jdk17.0.8-win_x64\bin\java.dll
0x00007fffffb40000 - 0x00007fffffc17000 	C:\Program Files\Java\zulu17.44.15-ca-jdk17.0.8-win_x64\bin\jsvml.dll
0x00007ff823c00000 - 0x00007ff824344000 	C:\Windows\System32\SHELL32.dll
0x00007ff820200000 - 0x00007ff82099b000 	C:\Windows\SYSTEM32\windows.storage.dll
0x00007ff823160000 - 0x00007ff8234b4000 	C:\Windows\System32\combase.dll
0x00007ff821e90000 - 0x00007ff821ebd000 	C:\Windows\SYSTEM32\Wldp.dll
0x00007ff8246d0000 - 0x00007ff82477d000 	C:\Windows\System32\SHCORE.dll
0x00007ff822dd0000 - 0x00007ff822e25000 	C:\Windows\System32\shlwapi.dll
0x00007ff822380000 - 0x00007ff8223a5000 	C:\Windows\SYSTEM32\profapi.dll
0x00007ff81bb90000 - 0x00007ff81bba8000 	C:\Program Files\Java\zulu17.44.15-ca-jdk17.0.8-win_x64\bin\zip.dll
0x00007ff81d520000 - 0x00007ff81d539000 	C:\Program Files\Java\zulu17.44.15-ca-jdk17.0.8-win_x64\bin\net.dll
0x00007ff81a5d0000 - 0x00007ff81a6da000 	C:\Windows\SYSTEM32\WINHTTP.dll
0x00007ff821bf0000 - 0x00007ff821c5a000 	C:\Windows\system32\mswsock.dll
0x00007ff81bf70000 - 0x00007ff81bf86000 	C:\Program Files\Java\zulu17.44.15-ca-jdk17.0.8-win_x64\bin\nio.dll
0x00007ff81ac60000 - 0x00007ff81ac7a000 	E:\Program Files\IntelliJ IDEA Community Edition 2023.2\bin\breakgen64.dll
0x00007ff81bf60000 - 0x00007ff81bf69000 	C:\Program Files\Java\zulu17.44.15-ca-jdk17.0.8-win_x64\bin\management.dll
0x00007ff81bf10000 - 0x00007ff81bf1b000 	C:\Program Files\Java\zulu17.44.15-ca-jdk17.0.8-win_x64\bin\management_ext.dll
0x00007ff824780000 - 0x00007ff824788000 	C:\Windows\System32\PSAPI.DLL
0x00007ff821df0000 - 0x00007ff821e08000 	C:\Windows\SYSTEM32\CRYPTSP.dll
0x00007ff8214b0000 - 0x00007ff8214e4000 	C:\Windows\system32\rsaenh.dll
0x00007ff822850000 - 0x00007ff822877000 	C:\Windows\System32\bcrypt.dll
0x00007ff822300000 - 0x00007ff82232e000 	C:\Windows\SYSTEM32\USERENV.dll
0x00007ff821de0000 - 0x00007ff821dec000 	C:\Windows\SYSTEM32\CRYPTBASE.dll
0x00007ff821890000 - 0x00007ff8218cb000 	C:\Windows\SYSTEM32\IPHLPAPI.DLL
0x00007ff822f00000 - 0x00007ff822f08000 	C:\Windows\System32\NSI.dll
0x00007ff81bdb0000 - 0x00007ff81bdc7000 	C:\Windows\SYSTEM32\dhcpcsvc6.DLL
0x00007ff81b8d0000 - 0x00007ff81b8ed000 	C:\Windows\SYSTEM32\dhcpcsvc.DLL
0x00007ff8218d0000 - 0x00007ff82199a000 	C:\Windows\SYSTEM32\DNSAPI.dll
0x00007ff81ac50000 - 0x00007ff81ac5e000 	C:\Program Files\Java\zulu17.44.15-ca-jdk17.0.8-win_x64\bin\sunmscapi.dll
0x00007ff8228f0000 - 0x00007ff822a4d000 	C:\Windows\System32\CRYPT32.dll
0x00007ff821f00000 - 0x00007ff821f27000 	C:\Windows\SYSTEM32\ncrypt.dll
0x00007ff821ec0000 - 0x00007ff821efb000 	C:\Windows\SYSTEM32\NTASN1.dll
0x00007ff81f5d0000 - 0x00007ff81f5e0000 	C:\Program Files\Java\zulu17.44.15-ca-jdk17.0.8-win_x64\bin\verify.dll
0x00007ff8199d0000 - 0x00007ff8199da000 	C:\Windows\System32\rasadhlp.dll
0x00007ff818490000 - 0x00007ff818510000 	C:\Windows\System32\fwpuclnt.dll

dbghelp: loaded successfully - version: 4.0.5 - missing functions: none
symbol engine: initialized successfully - sym options: 0x614 - pdb path: .;C:\Program Files\Java\zulu17.44.15-ca-jdk17.0.8-win_x64\bin;C:\Windows\SYSTEM32;C:\Windows\WinSxS\amd64_microsoft.windows.common-controls_6595b64144ccf1df_6.0.19041.3636_none_60b6a03d71f818d5;C:\Program Files\Java\zulu17.44.15-ca-jdk17.0.8-win_x64\bin\server;E:\Program Files\IntelliJ IDEA Community Edition 2023.2\bin

VM Arguments:
jvm_args: -javaagent:E:\Program Files\IntelliJ IDEA Community Edition 2023.2\lib\idea_rt.jar=57288:E:\Program Files\IntelliJ IDEA Community Edition 2023.2\bin -Dfile.encoding=UTF-8 
java_command: com.colegiado.sistemacolegiado.SistemaColegiadoApplication
java_class_path (initial): E:\IFPB\PWEB2\colegiado-escolar\target\classes;C:\Users\Gabriel Xavier\.m2\repository\org\springframework\boot\spring-boot-starter-data-jpa\3.1.3\spring-boot-starter-data-jpa-3.1.3.jar;C:\Users\Gabriel Xavier\.m2\repository\org\springframework\boot\spring-boot-starter-aop\3.1.3\spring-boot-starter-aop-3.1.3.jar;C:\Users\Gabriel Xavier\.m2\repository\org\aspectj\aspectjweaver\1.9.20\aspectjweaver-1.9.20.jar;C:\Users\Gabriel Xavier\.m2\repository\org\springframework\boot\spring-boot-starter-jdbc\3.1.3\spring-boot-starter-jdbc-3.1.3.jar;C:\Users\Gabriel Xavier\.m2\repository\com\zaxxer\HikariCP\5.0.1\HikariCP-5.0.1.jar;C:\Users\Gabriel Xavier\.m2\repository\org\springframework\spring-jdbc\6.0.11\spring-jdbc-6.0.11.jar;C:\Users\Gabriel Xavier\.m2\repository\org\hibernate\orm\hibernate-core\6.2.7.Final\hibernate-core-6.2.7.Final.jar;C:\Users\Gabriel Xavier\.m2\repository\jakarta\persistence\jakarta.persistence-api\3.1.0\jakarta.persistence-api-3.1.0.jar;C:\Users\Gabriel Xavier\.m2\repository\jakarta\transaction\jakarta.transaction-api\2.0.1\jakarta.transaction-api-2.0.1.jar;C:\Users\Gabriel Xavier\.m2\repository\org\jboss\logging\jboss-logging\3.5.3.Final\jboss-logging-3.5.3.Final.jar;C:\Users\Gabriel Xavier\.m2\repository\org\hibernate\common\hibernate-commons-annotations\6.0.6.Final\hibernate-commons-annotations-6.0.6.Final.jar;C:\Users\Gabriel Xavier\.m2\repository\io\smallrye\jandex\3.0.5\jandex-3.0.5.jar;C:\Users\Gabriel Xavier\.m2\repository\com\fasterxml\classmate\1.5.1\classmate-1.5.1.jar;C:\Users\Gabriel Xavier\.m2\repository\net\bytebuddy\byte-buddy\1.14.6\byte-buddy-1.14.6.jar;C:\Users\Gabriel Xavier\.m2\repository\org\glassfish\jaxb\jaxb-runtime\4.0.3\jaxb-runtime-4.0.3.jar;C:\Users\Gabriel Xavier\.m2\repository\org\glassfish\jaxb\jaxb-core\4.0.3\jaxb-core-4.0.3.jar;C:\Users\Gabriel Xavier\.m2\repository\org\eclipse\angus\angus-activation\2.0.1\angus-activation-2.0.1.jar;C:\Users\Gabriel Xavier\.m2\repository\org\glassfish\jaxb\tx
Launcher Type: SUN_STANDARD

[Global flags]
     intx CICompilerCount                          = 4                                         {product} {ergonomic}
     uint ConcGCThreads                            = 2                                         {product} {ergonomic}
     uint G1ConcRefinementThreads                  = 8                                         {product} {ergonomic}
   size_t G1HeapRegionSize                         = 1048576                                   {product} {ergonomic}
    uintx GCDrainStackTargetSize                   = 64                                        {product} {ergonomic}
   size_t InitialHeapSize                          = 132120576                                 {product} {ergonomic}
   size_t MarkStackSize                            = 4194304                                   {product} {ergonomic}
   size_t MaxHeapSize                              = 2113929216                                {product} {ergonomic}
   size_t MaxNewSize                               = 1267728384                                {product} {ergonomic}
   size_t MinHeapDeltaBytes                        = 1048576                                   {product} {ergonomic}
   size_t MinHeapSize                              = 8388608                                   {product} {ergonomic}
    uintx NonNMethodCodeHeapSize                   = 5839372                                {pd product} {ergonomic}
    uintx NonProfiledCodeHeapSize                  = 122909434                              {pd product} {ergonomic}
    uintx ProfiledCodeHeapSize                     = 122909434                              {pd product} {ergonomic}
    uintx ReservedCodeCacheSize                    = 251658240                              {pd product} {ergonomic}
     bool SegmentedCodeCache                       = true                                      {product} {ergonomic}
   size_t SoftMaxHeapSize                          = 2113929216                             {manageable} {ergonomic}
     bool UseCompressedClassPointers               = true                           {product lp64_product} {ergonomic}
     bool UseCompressedOops                        = true                           {product lp64_product} {ergonomic}
     bool UseG1GC                                  = true                                      {product} {ergonomic}
     bool UseLargePagesIndividualAllocation        = false                                  {pd product} {ergonomic}

Logging:
Log output configuration:
 #0: stdout all=warning uptime,level,tags
 #1: stderr all=off uptime,level,tags

Environment Variables:
JAVA_HOME=C:\Program Files\Java\zulu17.44.15-ca-jdk17.0.8-win_x64
PATH=C:\Program Files\Eclipse Adoptium\jdk-17.0.8.101-hotspot\bin;C:\Program Files\Java\zulu17.44.15-ca-jdk17.0.8-win_x64\bin;C:\Python311\Scripts\;C:\Python311\;C:\Program Files (x86)\Common Files\Oracle\Java\javapath;C:\Windows\system32;C:\Windows;C:\Windows\System32\Wbem;C:\Windows\System32\WindowsPowerShell\v1.0\;C:\Windows\System32\OpenSSH\;C:\Program Files\Microsoft SQL Server\Client SDK\ODBC\170\Tools\Binn\;E:\Program Files (x86)\Microsoft SQL Server\150\Tools\Binn\;C:\Program Files\Microsoft SQL Server\150\Tools\Binn\;C:\Program Files\Microsoft SQL Server\150\DTS\Binn\;E:\Program Files (x86)\Microsoft SQL Server\150\DTS\Binn\;C:\Program Files\Azure Data Studio\bin;C:\ProgramData\chocolatey\bin;C:\Program Files (x86)\Yarn\bin\;E:\nodejs\;E:\Program Files\Git\cmd;C:\Program Files\MySQL\MySQL Shell 8.0\bin\;C:\Users\Gabriel Xavier\AppData\Local\Microsoft\WindowsApps;;E:\Microsoft VS Code\bin;C:\Program Files\Azure Data Studio\bin;C:\Users\Gabriel Xavier\AppData\Local\Yarn\bin;C:\Users\Gabriel Xavier\AppData\Roaming\npm
USERNAME=Gabriel Xavier
OS=Windows_NT
PROCESSOR_IDENTIFIER=Intel64 Family 6 Model 142 Stepping 10, GenuineIntel
TMP=C:\Users\GABRIE~1\AppData\Local\Temp
TEMP=C:\Users\GABRIE~1\AppData\Local\Temp



---------------  S Y S T E M  ---------------

OS:
 Windows 10 , 64 bit Build 19041 (10.0.19041.3636)
OS uptime: 16 days 19:43 hours

CPU: total 8 (initial active 8) (4 cores per cpu, 2 threads per core) family 6 model 142 stepping 10 microcode 0xd6, cx8, cmov, fxsr, ht, mmx, 3dnowpref, sse, sse2, sse3, ssse3, sse4.1, sse4.2, popcnt, lzcnt, tsc, tscinvbit, avx, avx2, aes, erms, clmul, bmi1, bmi2, adx, fma, vzeroupper, clflush, clflushopt
Processor Information for all 8 processors :
  Max Mhz: 1992, Current Mhz: 1792, Mhz Limit: 1792

Memory: 4k page, system-wide physical 8056M (454M free)
TotalPageFile size 22286M (AvailPageFile size 7M)
current process WorkingSet (physical memory assigned to process): 273M, peak: 276M
current process commit charge ("private bytes"): 315M, peak: 317M

vm_info: OpenJDK 64-Bit Server VM (17.0.8+7-LTS) for windows-amd64 JRE (17.0.8+7-LTS) (Zulu17.44+15-CA), built on Jul  5 2023 07:56:11 by "zulu_re" with MS VC++ 16.10 / 16.11 (VS2019)

END.
